e:\github\opengl_learn\opengl_learn\opengl_learn\x64\debug\vc142.pdb
e:\github\opengl_learn\opengl_learn\opengl_learn\x64\debug\vc142.idb
e:\github\opengl_learn\opengl_learn\opengl_learn\x64\debug\glad.obj
e:\github\opengl_learn\opengl_learn\opengl_learn\x64\debug\shader.obj
e:\github\opengl_learn\opengl_learn\opengl_learn\x64\debug\render.obj
e:\github\opengl_learn\opengl_learn\opengl_learn\x64\debug\main.obj
e:\github\opengl_learn\opengl_learn\opengl_learn\x64\debug\std_image.obj
e:\github\opengl_learn\opengl_learn\opengl_learn\x64\debug\node.obj
e:\github\opengl_learn\opengl_learn\opengl_learn\x64\debug\camera.obj
e:\github\opengl_learn\opengl_learn\x64\debug\opengl_learn.exe
e:\github\opengl_learn\opengl_learn\x64\debug\opengl_learn.ilk
e:\github\opengl_learn\opengl_learn\x64\debug\opengl_learn.pdb
e:\github\opengl_learn\opengl_learn\opengl_learn\x64\debug\opengl_learn.tlog\cl.command.1.tlog
e:\github\opengl_learn\opengl_learn\opengl_learn\x64\debug\opengl_learn.tlog\cl.read.1.tlog
e:\github\opengl_learn\opengl_learn\opengl_learn\x64\debug\opengl_learn.tlog\cl.write.1.tlog
e:\github\opengl_learn\opengl_learn\opengl_learn\x64\debug\opengl_learn.tlog\fxc.command.1.tlog
e:\github\opengl_learn\opengl_learn\opengl_learn\x64\debug\opengl_learn.tlog\fxc.read.1.tlog
e:\github\opengl_learn\opengl_learn\opengl_learn\x64\debug\opengl_learn.tlog\link.command.1.tlog
e:\github\opengl_learn\opengl_learn\opengl_learn\x64\debug\opengl_learn.tlog\link.read.1.tlog
e:\github\opengl_learn\opengl_learn\opengl_learn\x64\debug\opengl_learn.tlog\link.write.1.tlog
